; Autogenerated list file for [package][version][path][scenario] references 
;

AD.BuildIndexer                1.0.425.0            D:\CxCache\AD.BuildIndexer.1.0.425.0                    
Aliases.Core                   1.0.5                D:\CxCache\Aliases.Core.1.0.5                           
ApiScanTool                    0.0.43               D:\CxCache\ApiScanTool.0.0.43                           
Azure.Corext                   3.0.0                D:\CxCache\Azure.Corext.3.0.0                           
AzValidClient                  1.0.2                D:\CxCache\AzValidClient.1.0.2                          
BCDT.amd64                     2.0.0.1              D:\CxCache\BCDT.amd64.2.0.0.1                           
BinScope                       0.0.39               D:\CxCache\BinScope.0.0.39                              
BuildManifest                  1.0.168.4            D:\CxCache\BuildManifest.1.0.168.4                      
BuildReq                       1.0.158.1            D:\CxCache\BuildReq.1.0.158.1                           
BuildTypes.GitCorext           1.0.0                D:\CxCache\BuildTypes.GitCorext.1.0.0                   
CloudBuild.OnCorext            4.0.2                D:\CxCache\.A\CloudBuild.OnCorext.VW330axRDwGU-vSC4gOW8Q 
CloudBuild.OnCoreXT.OneBranch  3.0.14               D:\CxCache\.A\CloudBuild.OnCorext.VW330axRDwGU-vSC4gOW8Q 
CloudVaultClient               2.2.0.17             D:\CxCache\CloudVaultClient.2.2.0.17                    
CloudVaultWaesForQ.OneBranch   1.0.15               D:\CxCache\CloudVaultWaesForQ.OneBranch.1.0.15          
Codesign.AD                    2.2.92717            D:\CxCache\Codesign.AD.2.2.92717                        
Codesign.KeyFile               1.0.0                D:\CxCache\Codesign.KeyFile.1.0.0                       
CoreTargets.OneBranch          3.0.1                D:\CxCache\CoreTargets.OneBranch.3.0.1                  
Corext.Build                   2.1.5                D:\CxCache\Corext.Build.2.1.5                           
Corext.Build.OneBranch         1.0.0                D:\CxCache\Corext.Build.OneBranch.1.0.0                 
Corext.Rewind                  1.1.2                D:\CxCache\Corext.Rewind.1.1.2                          
Corext.SourceControl.Git       1.0.1                D:\CxCache\Corext.SourceControl.Git.1.0.1               
Corext.Tools                   3.0.1                D:\CxCache\Corext.Tools.3.0.1                           
CorextPath1st.OneBranch        1.0.4                D:\CxCache\CorextPath1st.OneBranch.1.0.4                
CredScanner                    0.0.34               D:\CxCache\CredScanner.0.0.34                           
DotNetFxGAC.Corext             4.5.4                D:\CxCache\DotNetFxGAC.Corext.4.5.4                     
DotNetFxRefAssemblies.Corext   4.5.2.1              D:\CxCache\DotNetFxRefAssemblies.Corext.4.5.2.1         
DotNetFxRefAssemblies.Corext   4.0.30319            D:\CxCache\DotNetFxRefAssemblies.Corext.4.0.30319       
DotNetFxTools.Corext           4.0.0                D:\CxCache\DotNetFxTools.Corext.4.0.0                   
GenerateVersions.OneBranch     3.0.1                D:\CxCache\GenerateVersions.OneBranch.3.0.1             
HardcodedStringScanner         0.0.16               D:\CxCache\HardcodedStringScanner.0.0.16                
Kits                           10.0.17763.1-v1      D:\CxCache\Kits.10.0.17763.1-v1                         
LBA.Corext                     5.5.1031.4           D:\CxCache\.A\LBA.Corext.YkGhzDwpuNrQyxqYJ-v04g         
LBA.CSIntl                     1.0.4                D:\CxCache\.A\LBA.Corext.YkGhzDwpuNrQyxqYJ-v04g         
Localization                   3.2.2                D:\CxCache\.A\Localization.JndBCUPvzSaJyllwGyhKMA       
Localization.Languages         1.1.12               D:\CxCache\Localization.Languages.1.1.12                
Localization.PostBuildOverride 1.0.0-beta4          D:\CxCache\.A\Localization.JndBCUPvzSaJyllwGyhKMA       
LocalSigning                   2.0.19               D:\CxCache\LocalSigning.2.0.19                          
LSBuild.Corext                 6.12.6202.4          D:\CxCache\.A\LSBuild.Corext.iPRpjzwBOvHEP9QedefjWw     
LSBuild.CSIntl                 1.0.17               D:\CxCache\.A\LSBuild.Corext.iPRpjzwBOvHEP9QedefjWw     
Microsoft.ApplicationInsights  2.12.0               D:\CxCache\Microsoft.ApplicationInsights.2.12.0         
Microsoft.Azure.LogAnalytics.ManagedWPP 1.0.1                D:\CxCache\Microsoft.Azure.LogAnalytics.ManagedWPP.1.0.1 
Microsoft.Build.Telemetry      1.0.7                D:\CxCache\Microsoft.Build.Telemetry.1.0.7              
Microsoft.CodeAnalysis.NetAnalyzers 5.0.1                D:\CxCache\Microsoft.CodeAnalysis.NetAnalyzers.5.0.1    
Microsoft.IdentityModel.Clients.ActiveDirectory 2.28.4               D:\CxCache\Microsoft.IdentityModel.Clients.ActiveDirectory.2.28.4 
Microsoft.Internal.Analyzers   2.6.3                D:\CxCache\Microsoft.Internal.Analyzers.2.6.3           
Microsoft.OneBranch.Tasks      1.0.647              D:\CxCache\Microsoft.OneBranch.Tasks.1.0.647            
MsBuild.Corext                 16.7.1               D:\CxCache\.A\MsBuild.Corext.TDX29eUv_BNhqb-XDAtXZw     
MsBuild.Wrap.Corext            1.0.25               D:\CxCache\.A\MsBuild.Corext.TDX29eUv_BNhqb-XDAtXZw     
MsBuildShim.OneBranch          2.1.12               D:\CxCache\MsBuildShim.OneBranch.2.1.12                 
MsTest.Corext                  10.0.0               D:\CxCache\MsTest.Corext.10.0.0                         
NET_Framework_472_TargetingPack 4.7.03081.00         D:\CxCache\NET_Framework_472_TargetingPack.4.7.03081.00 
NetFxSDK.Corext                4.6.0                D:\CxCache\NetFxSDK.Corext.4.6.0                        
NPM.OnCloudbuild               3.2.0                D:\CxCache\NPM.OnCloudbuild.3.2.0                       
NuGet.CommandLine              5.5.1                D:\CxCache\NuGet.CommandLine.5.5.1                      
NuProj                         1.1.41               D:\CxCache\NuProj.1.1.41                                
OACR.Corext                    3.9.28502.1          D:\CxCache\.A\OACR.Corext.uLpDA2HF27PR0VYLSeOthQ        
OACR.CoreXT.Exclusions         3.6.30318.14         D:\CxCache\.A\OneBranch.GitScripts.4LZ7P2SNEEg3_1Jaks_p2g 
OACR.OnCorext                  1.0.2.1              D:\CxCache\.A\OACR.Corext.uLpDA2HF27PR0VYLSeOthQ        
OneBranch.Argo                 1.0.6                D:\CxCache\OneBranch.Argo.1.0.6                         
OneBranch.GitHooks             1.0.24               D:\CxCache\OneBranch.GitHooks.1.0.24                    
OneBranch.GitScripts           1.0.4                D:\CxCache\.A\OneBranch.GitScripts.4LZ7P2SNEEg3_1Jaks_p2g 
OneBranch.ServiceTree.Tools    1.0.0                D:\CxCache\OneBranch.ServiceTree.Tools.1.0.0            
OneBranch.UCRT.x86             14.0.23615.2         D:\CxCache\OneBranch.UCRT.x86.14.0.23615.2              
OpenPop.NET                    2.0.6.1120           D:\CxCache\OpenPop.NET.2.0.6.1120                       
Perl.Corext                    5.10.0.2             D:\CxCache\Perl.Corext.5.10.0.2                         
PoliCheck                      5.7.0.5              D:\CxCache\PoliCheck.5.7.0.5                            
PortableGit                    2.17.1               D:\CxCache\PortableGit.2.17.1                           
PostBuild.OneBranch            1.0.1                D:\CxCache\PostBuild.OneBranch.1.0.1                    
Powershell.Corext              2.0.0                D:\CxCache\Powershell.Corext.2.0.0                      
PRSSign.OneBranch              3.0.1578237          D:\CxCache\PRSSign.OneBranch.3.0.1578237                
PublishSymbols.OneBranch       1.0.5                D:\CxCache\PublishSymbols.OneBranch.1.0.5               
SCOM.Agent.CSMSerializerGenerator 1.0.3                D:\CxCache\SCOM.Agent.CSMSerializerGenerator.1.0.3      
SCOM.AVIcode.DotNet.SystemCenter.Client.Monitoring 1.0.1                D:\CxCache\SCOM.AVIcode.DotNet.SystemCenter.Client.Monitoring.1.0.1 
SCOM.BIDMOFGen                 1.0.1                D:\CxCache\SCOM.BIDMOFGen.1.0.1                         
SCOM.DatasetConfigProcessor    1.0.1                D:\CxCache\SCOM.DatasetConfigProcessor.1.0.1            
SCOM.GenerateExceptionCode     1.0.1                D:\CxCache\SCOM.GenerateExceptionCode.1.0.1             
SCOM.lc                        4.6.1055             D:\CxCache\SCOM.lc.4.6.1055                             
SCOM.MCF                       1.0.1                D:\CxCache\SCOM.MCF.1.0.1                               
SCOM.Microsoft.SystemCenter.Ext.AzureSDK 1.0.1                D:\CxCache\SCOM.Microsoft.SystemCenter.Ext.AzureSDK.1.0.1 
SCOM.Microsoft.SystemCenter.Ext.SDK.CLR 1.0.1                D:\CxCache\SCOM.Microsoft.SystemCenter.Ext.SDK.CLR.1.0.1 
SCOM.Microsoft.SystemCenter.Ext.Sharepoint 1.0.1                D:\CxCache\SCOM.Microsoft.SystemCenter.Ext.Sharepoint.1.0.1 
SCOM.Microsoft.SystemCenter.Ext.TeamFoundation 11.0.50522.2         D:\CxCache\SCOM.Microsoft.SystemCenter.Ext.TeamFoundation.11.0.50522.2 
SCOM.Microsoft.SystemCenter.External.Agent.debug 10.21.10073          D:\CxCache\SCOM.Microsoft.SystemCenter.External.Agent.debug.10.21.10073 
SCOM.Microsoft.SystemCenter.External.Agent.retail 10.21.10073          D:\CxCache\SCOM.Microsoft.SystemCenter.External.Agent.retail.10.21.10073 
SCOM.Microsoft.SystemCenter.External.Ajax 1.0.1                D:\CxCache\SCOM.Microsoft.SystemCenter.External.Ajax.1.0.1 
SCOM.Microsoft.SystemCenter.External.AjaxMin 1.0.1                D:\CxCache\SCOM.Microsoft.SystemCenter.External.AjaxMin.1.0.1 
SCOM.Microsoft.SystemCenter.External.AjaxToolkit 1.0.1                D:\CxCache\SCOM.Microsoft.SystemCenter.External.AjaxToolkit.1.0.1 
SCOM.Microsoft.SystemCenter.External.BAM 1.0.1                D:\CxCache\SCOM.Microsoft.SystemCenter.External.BAM.1.0.1 
SCOM.Microsoft.SystemCenter.External.Collaboration 1.0.1                D:\CxCache\SCOM.Microsoft.SystemCenter.External.Collaboration.1.0.1 
SCOM.Microsoft.SystemCenter.External.Coverage 1.0.1                D:\CxCache\SCOM.Microsoft.SystemCenter.External.Coverage.1.0.1 
SCOM.Microsoft.SystemCenter.External.DiagramFX 1.0.2                D:\CxCache\SCOM.Microsoft.SystemCenter.External.DiagramFX.1.0.2 
SCOM.Microsoft.SystemCenter.External.DSL 1.0.1                D:\CxCache\SCOM.Microsoft.SystemCenter.External.DSL.1.0.1 
SCOM.Microsoft.SystemCenter.External.Dundas 1.0.1                D:\CxCache\SCOM.Microsoft.SystemCenter.External.Dundas.1.0.1 
SCOM.Microsoft.SystemCenter.External.Expression 1.0.1                D:\CxCache\SCOM.Microsoft.SystemCenter.External.Expression.1.0.1 
SCOM.Microsoft.SystemCenter.External.IdentityFoundation 1.0.1                D:\CxCache\SCOM.Microsoft.SystemCenter.External.IdentityFoundation.1.0.1 
SCOM.Microsoft.SystemCenter.External.IIS 1.0.5                D:\CxCache\SCOM.Microsoft.SystemCenter.External.IIS.1.0.5 
SCOM.Microsoft.SystemCenter.External.Indigo 1.0.1                D:\CxCache\SCOM.Microsoft.SystemCenter.External.Indigo.1.0.1 
SCOM.Microsoft.SystemCenter.External.Instrumentation 1.0.6                D:\CxCache\SCOM.Microsoft.SystemCenter.External.Instrumentation.1.0.6 
SCOM.Microsoft.SystemCenter.External.JavaAgent 1.0.2                D:\CxCache\SCOM.Microsoft.SystemCenter.External.JavaAgent.1.0.2 
SCOM.Microsoft.SystemCenter.External.ManagementPackCatalog 1.0.1                D:\CxCache\SCOM.Microsoft.SystemCenter.External.ManagementPackCatalog.1.0.1 
SCOM.Microsoft.SystemCenter.External.ManagementPacks 1.0.2                D:\CxCache\SCOM.Microsoft.SystemCenter.External.ManagementPacks.1.0.2 
SCOM.Microsoft.SystemCenter.External.Monad 1.0.1                D:\CxCache\SCOM.Microsoft.SystemCenter.External.Monad.1.0.1 
SCOM.Microsoft.SystemCenter.External.msxml 1.0.1                D:\CxCache\SCOM.Microsoft.SystemCenter.External.msxml.1.0.1 
SCOM.Microsoft.SystemCenter.External.MU 1.0.1                D:\CxCache\SCOM.Microsoft.SystemCenter.External.MU.1.0.1 
SCOM.Microsoft.SystemCenter.External.OOMADs 1.0.1                D:\CxCache\SCOM.Microsoft.SystemCenter.External.OOMADs.1.0.1 
SCOM.Microsoft.SystemCenter.External.PidGenX 1.0.1                D:\CxCache\SCOM.Microsoft.SystemCenter.External.PidGenX.1.0.1 
SCOM.Microsoft.SystemCenter.External.Prism 1.0.1                D:\CxCache\SCOM.Microsoft.SystemCenter.External.Prism.1.0.1 
SCOM.Microsoft.SystemCenter.External.R2Binaries 1.0.1                D:\CxCache\SCOM.Microsoft.SystemCenter.External.R2Binaries.1.0.1 
SCOM.Microsoft.SystemCenter.External.R2SDKBinaries 1.0.1                D:\CxCache\SCOM.Microsoft.SystemCenter.External.R2SDKBinaries.1.0.1 
SCOM.Microsoft.SystemCenter.External.ReportViewer 1.0.1                D:\CxCache\SCOM.Microsoft.SystemCenter.External.ReportViewer.1.0.1 
SCOM.Microsoft.SystemCenter.External.RX 1.0.1                D:\CxCache\SCOM.Microsoft.SystemCenter.External.RX.1.0.1 
SCOM.Microsoft.SystemCenter.External.SCE 1.0.1                D:\CxCache\SCOM.Microsoft.SystemCenter.External.SCE.1.0.1 
SCOM.Microsoft.SystemCenter.External.SCX.debug 10.21.1273           D:\CxCache\SCOM.Microsoft.SystemCenter.External.SCX.debug.10.21.1273 
SCOM.Microsoft.SystemCenter.External.SCX.retail 10.21.1273           D:\CxCache\SCOM.Microsoft.SystemCenter.External.SCX.retail.10.21.1273 
SCOM.Microsoft.SystemCenter.External.SM.debug 10.21.1270           D:\CxCache\SCOM.Microsoft.SystemCenter.External.SM.debug.10.21.1270 
SCOM.Microsoft.SystemCenter.External.SM.retail 10.21.1270           D:\CxCache\SCOM.Microsoft.SystemCenter.External.SM.retail.10.21.1270 
SCOM.Microsoft.SystemCenter.External.SQM 1.0.1                D:\CxCache\SCOM.Microsoft.SystemCenter.External.SQM.1.0.1 
SCOM.Microsoft.SystemCenter.External.SqmFilter 1.0.1                D:\CxCache\SCOM.Microsoft.SystemCenter.External.SqmFilter.1.0.1 
SCOM.Microsoft.SystemCenter.External.SSRS 1.0.1                D:\CxCache\SCOM.Microsoft.SystemCenter.External.SSRS.1.0.1 
SCOM.Microsoft.SystemCenter.External.Unity 1.0.1                D:\CxCache\SCOM.Microsoft.SystemCenter.External.Unity.1.0.1 
SCOM.Microsoft.SystemCenter.External.VMM 1.0.1                D:\CxCache\SCOM.Microsoft.SystemCenter.External.VMM.1.0.1 
SCOM.Microsoft.SystemCenter.External.VSTO 1.0.1                D:\CxCache\SCOM.Microsoft.SystemCenter.External.VSTO.1.0.1 
SCOM.Microsoft.SystemCenter.External.VSTS 1.0.1                D:\CxCache\SCOM.Microsoft.SystemCenter.External.VSTS.1.0.1 
SCOM.Microsoft.SystemCenter.External.WPFToolKit 1.0.1                D:\CxCache\SCOM.Microsoft.SystemCenter.External.WPFToolKit.1.0.1 
SCOM.Microsoft.SystemCenter.OMSetup.debug 10.21.10129          D:\CxCache\SCOM.Microsoft.SystemCenter.OMSetup.debug.10.21.10129 
SCOM.Microsoft.SystemCenter.OMSetup.retail 10.21.10129          D:\CxCache\SCOM.Microsoft.SystemCenter.OMSetup.retail.10.21.10129 
SCOM.Microsoft.SystemCenter.OperationsManager.Build.Tools 1.0.5                D:\CxCache\SCOM.Microsoft.SystemCenter.OperationsManager.Build.Tools.1.0.5 
SCOM.Microsoft.SystemCenter.OperationsManager.MP.Nuget 1.0.0                D:\CxCache\SCOM.Microsoft.SystemCenter.OperationsManager.MP.Nuget.1.0.0 
SCOM.Microsoft.SystemCenter.Product.UX.Core.Tools 1.0.1                D:\CxCache\SCOM.Microsoft.SystemCenter.Product.UX.Core.Tools.1.0.1 
SCOM.Microsoft.Web.Administration 1.0.0                D:\CxCache\SCOM.Microsoft.Web.Administration.1.0.0      
SCOM.MP.AI.ApplicationInsights.Resources 1.0.0                D:\CxCache\SCOM.MP.AI.ApplicationInsights.Resources.1.0.0 
SCOM.MpCatalog.Admin.UI.Ref    1.0.1                D:\CxCache\SCOM.MpCatalog.Admin.UI.Ref.1.0.1            
SCOM.MSIManagedLibs            3.0.5035             D:\CxCache\SCOM.MSIManagedLibs.3.0.5035                 
SCOM.NetworkMonitoring.Build   1.0.2                D:\CxCache\SCOM.NetworkMonitoring.Build.1.0.2           
SCOM.Newtonsoft.Json           1.0.0                D:\CxCache\SCOM.Newtonsoft.Json.1.0.0                   
SCOM.PidCa                     1.0.1                D:\CxCache\SCOM.PidCa.1.0.1                             
SCOM.Product.MP.Tool.MpDiff.MpDiff.Core 1.0.0                D:\CxCache\SCOM.Product.MP.Tool.MpDiff.MpDiff.Core.1.0.0 
SCOM.Product.MP.Tools.MPBestPracticesAnalyzer 1.0.0                D:\CxCache\SCOM.Product.MP.Tools.MPBestPracticesAnalyzer.1.0.0 
SCOM.Product.Tools.Presentation.MpStorage 1.0.0                D:\CxCache\SCOM.Product.Tools.Presentation.MpStorage.1.0.0 
SCOM.SDK.Server.MPInfrastructure.MSI 1.0.1                D:\CxCache\SCOM.SDK.Server.MPInfrastructure.MSI.1.0.1   
SCOM.SharepointTools           1.0.1                D:\CxCache\SCOM.SharepointTools.1.0.1                   
SCOM.SharpSnmp                 1.0.1                D:\CxCache\SCOM.SharpSnmp.1.0.1                         
SCOM.Silverlight               1.0.0                D:\CxCache\SCOM.Silverlight.1.0.0                       
SCOM.Silverlight.v5.0          1.0.0                D:\CxCache\SCOM.Silverlight.v5.0.1.0.0                  
SCOM.System.CoreEx             1.0.1                D:\CxCache\SCOM.System.CoreEx.1.0.1                     
SCOM.Test.Advisor              1.0.0                D:\CxCache\SCOM.Test.Advisor.1.0.0                      
SCOM.Test.AI                   1.0.3                D:\CxCache\SCOM.Test.AI.1.0.3                           
SCOM.Test.appmon               1.0.6                D:\CxCache\SCOM.Test.appmon.1.0.6                       
SCOM.Test.CDMShare.Main.Builds.MP.EN 1.0.0                D:\CxCache\SCOM.Test.CDMShare.Main.Builds.MP.EN.1.0.0   
SCOM.Test.Core                 1.0.0                D:\CxCache\SCOM.Test.Core.1.0.0                         
SCOM.Test.DB                   1.0.0                D:\CxCache\SCOM.Test.DB.1.0.0                           
SCOM.Test.External             1.0.1                D:\CxCache\SCOM.Test.External.1.0.1                     
SCOM.Test.MediaVerification    1.0.0                D:\CxCache\SCOM.Test.MediaVerification.1.0.0            
SCOM.Test.Microsoft.SystemCenter.Ext.VisualStudio.VS2015 1.0.0                D:\CxCache\SCOM.Test.Microsoft.SystemCenter.Ext.VisualStudio.VS2015.1.0.0 
SCOM.Test.momcommon            1.0.0                D:\CxCache\SCOM.Test.momcommon.1.0.0                    
SCOM.Test.MP                   1.0.0                D:\CxCache\SCOM.Test.MP.1.0.0                           
SCOM.Test.NetworkMonitoring    1.0.0                D:\CxCache\SCOM.Test.NetworkMonitoring.1.0.0            
SCOM.Test.Performance          1.0.0                D:\CxCache\SCOM.Test.Performance.1.0.0                  
SCOM.Test.SDK                  1.0.1                D:\CxCache\SCOM.Test.SDK.1.0.1                          
SCOM.Test.Security             1.0.1                D:\CxCache\SCOM.Test.Security.1.0.1                     
SCOM.Test.setup                1.0.0                D:\CxCache\SCOM.Test.setup.1.0.0                        
SCOM.Test.Test_Dependency      1.0.1                D:\CxCache\SCOM.Test.Test_Dependency.1.0.1              
SCOM.Test.TestDependency.ManagementPacks 1.0.0                D:\CxCache\SCOM.Test.TestDependency.ManagementPacks.1.0.0 
SCOM.Test.Tools                1.0.2                D:\CxCache\SCOM.Test.Tools.1.0.2                        
SCOM.Test.Tools.TraceProcessor 1.0.0                D:\CxCache\SCOM.Test.Tools.TraceProcessor.1.0.0         
SCOM.Test.UI                   1.0.4                D:\CxCache\SCOM.Test.UI.1.0.4                           
SCOM.Test.WSM                  1.0.0                D:\CxCache\SCOM.Test.WSM.1.0.0                          
SCOM.VSPlugin.Office.MSO       1.0.1                D:\CxCache\SCOM.VSPlugin.Office.MSO.1.0.1               
SCOM.WebServicesManagement.Infrastructure.External.Proteus 1.0.1                D:\CxCache\SCOM.WebServicesManagement.Infrastructure.External.Proteus.1.0.1 
SCX.TestDrop.debug             10.21.1273           D:\CxCache\SCX.TestDrop.debug.10.21.1273                
SCX.TestDrop.retail            10.21.1273           D:\CxCache\SCX.TestDrop.retail.10.21.1273               
System.Center.Nuget.Creator    1.0.0                D:\CxCache\System.Center.Nuget.Creator.1.0.0            
TAEF.amd64                     4.0                  D:\CxCache\TAEF.amd64.4.0                               
TAEF.x86                       4.0                  D:\CxCache\TAEF.x86.4.0                                 
TipOfTheDay.OneBranch          1.0.29               D:\CxCache\TipOfTheDay.OneBranch.1.0.29                 
TraceWpp.Corext                6.0.5740             D:\CxCache\TraceWpp.Corext.6.0.5740                     
UpdatePackages                 1.1.1.2              D:\CxCache\UpdatePackages.1.1.1.2                       
VisualCppTools                 14.27.29112          D:\CxCache\.A\VisualCppTools.jysOK2m_XNGtcXqE_1Xr3g     
VisualCppTools.OnCorext        1.1.0                D:\CxCache\.A\VisualCppTools.jysOK2m_XNGtcXqE_1Xr3g     
VisualStudio.UnitTest.Corext   14.0.0               D:\CxCache\VisualStudio.UnitTest.Corext.14.0.0          
VsMsBuild.Corext               3.2.15               D:\CxCache\VsMsBuild.Corext.3.2.15                      
WAES                           1.0.34               D:\CxCache\WAES.1.0.34                                  
WiX                            3.10.0               D:\CxCache\WiX.3.10.0                                   
